<?xml version="1.0" encoding="UTF-8"?>
<testng-results skipped="0" failed="0" ignored="0" total="1" passed="1">
  <reporter-output>
  </reporter-output>
  <suite name="Default suite" duration-ms="18162" started-at="2019-12-13T11:03:03 EST" finished-at="2019-12-13T11:03:21 EST">
    <groups>
    </groups>
    <test name="Default test" duration-ms="18162" started-at="2019-12-13T11:03:03 EST" finished-at="2019-12-13T11:03:21 EST">
      <class name="com.qa.fw.test.LoginTest">
        <test-method status="PASS" signature="loginTest()[pri:0, instance:com.qa.fw.test.LoginTest@49fc609f]" name="loginTest" duration-ms="18107" started-at="2019-12-13T11:03:03 EST" finished-at="2019-12-13T11:03:21 EST">
          <reporter-output>
          </reporter-output>
        </test-method> <!-- loginTest -->
      </class> <!-- com.qa.fw.test.LoginTest -->
    </test> <!-- Default test -->
  </suite> <!-- Default suite -->
</testng-results>
